2019-12-05 18:01:36 Debug: duration=145 rows=13 SHOW FULL COLUMNS FROM `owners`
2019-12-05 18:01:36 Debug: duration=1 rows=1 SHOW INDEXES FROM `owners`
2019-12-05 18:01:36 Debug: duration=1 rows=0 SELECT * FROM information_schema.key_column_usage AS kcu
            INNER JOIN information_schema.referential_constraints AS rc
            ON (
                kcu.CONSTRAINT_NAME = rc.CONSTRAINT_NAME
                AND kcu.CONSTRAINT_SCHEMA = rc.CONSTRAINT_SCHEMA
            )
            WHERE kcu.TABLE_SCHEMA = 'okiyoru_db' AND kcu.TABLE_NAME = 'owners' AND rc.TABLE_NAME = 'owners'
2019-12-05 18:01:36 Debug: duration=1 rows=1 SHOW TABLE STATUS WHERE Name = 'owners'
2019-12-05 18:01:37 Debug: duration=1 rows=6 SHOW FULL COLUMNS FROM `servece_plans`
2019-12-05 18:01:37 Debug: duration=1 rows=1 SHOW INDEXES FROM `servece_plans`
2019-12-05 18:01:37 Debug: duration=1 rows=0 SELECT * FROM information_schema.key_column_usage AS kcu
            INNER JOIN information_schema.referential_constraints AS rc
            ON (
                kcu.CONSTRAINT_NAME = rc.CONSTRAINT_NAME
                AND kcu.CONSTRAINT_SCHEMA = rc.CONSTRAINT_SCHEMA
            )
            WHERE kcu.TABLE_SCHEMA = 'okiyoru_db' AND kcu.TABLE_NAME = 'servece_plans' AND rc.TABLE_NAME = 'servece_plans'
2019-12-05 18:01:37 Debug: duration=1 rows=1 SHOW TABLE STATUS WHERE Name = 'servece_plans'
2019-12-05 18:01:37 Debug: duration=28 rows=1 SELECT owners.id AS `owners__id`, owners.name AS `owners__name`, owners.role AS `owners__role`, owners.tel AS `owners__tel`, owners.email AS `owners__email`, owners.password AS `owners__password`, owners.gender AS `owners__gender`, owners.age AS `owners__age`, owners.dir AS `owners__dir`, owners.remember_token AS `owners__remember_token`, owners.status AS `owners__status`, owners.created AS `owners__created`, owners.modified AS `owners__modified`, servece_plans.id AS `servece_plans__id`, servece_plans.owner_id AS `servece_plans__owner_id`, servece_plans.current_plan AS `servece_plans__current_plan`, servece_plans.previous_plan AS `servece_plans__previous_plan`, servece_plans.created AS `servece_plans__created`, servece_plans.modified AS `servece_plans__modified` FROM owners owners LEFT JOIN servece_plans servece_plans ON owners.id = (servece_plans.owner_id) WHERE owners.id = 3 LIMIT 1
2019-12-05 18:01:39 Debug: duration=1 rows=19 SHOW FULL COLUMNS FROM `shops`
2019-12-05 18:01:39 Debug: duration=1 rows=2 SHOW INDEXES FROM `shops`
2019-12-05 18:01:39 Debug: duration=1 rows=0 SELECT * FROM information_schema.key_column_usage AS kcu
            INNER JOIN information_schema.referential_constraints AS rc
            ON (
                kcu.CONSTRAINT_NAME = rc.CONSTRAINT_NAME
                AND kcu.CONSTRAINT_SCHEMA = rc.CONSTRAINT_SCHEMA
            )
            WHERE kcu.TABLE_SCHEMA = 'okiyoru_db' AND kcu.TABLE_NAME = 'shops' AND rc.TABLE_NAME = 'shops'
2019-12-05 18:01:39 Debug: duration=1 rows=1 SHOW TABLE STATUS WHERE Name = 'shops'
2019-12-05 18:01:39 Debug: duration=1 rows=1 SELECT shops.id AS `shops__id`, shops.owner_id AS `shops__owner_id`, shops.area AS `shops__area`, shops.genre AS `shops__genre`, shops.dir AS `shops__dir`, shops.name AS `shops__name`, shops.catch AS `shops__catch`, shops.tel AS `shops__tel`, shops.staff AS `shops__staff`, shops.bus_from_time AS `shops__bus_from_time`, shops.bus_to_time AS `shops__bus_to_time`, shops.bus_hosoku AS `shops__bus_hosoku`, shops.system AS `shops__system`, shops.credit AS `shops__credit`, shops.pref21 AS `shops__pref21`, shops.addr21 AS `shops__addr21`, shops.strt21 AS `shops__strt21`, shops.created AS `shops__created`, shops.modified AS `shops__modified` FROM shops shops WHERE (id = 3 AND owner_id = 3) LIMIT 1
2019-12-05 18:01:41 Debug: duration=1 rows=7 SHOW FULL COLUMNS FROM `shop_infos`
2019-12-05 18:01:41 Debug: duration=1 rows=2 SHOW INDEXES FROM `shop_infos`
2019-12-05 18:01:41 Debug: duration=1 rows=0 SELECT * FROM information_schema.key_column_usage AS kcu
            INNER JOIN information_schema.referential_constraints AS rc
            ON (
                kcu.CONSTRAINT_NAME = rc.CONSTRAINT_NAME
                AND kcu.CONSTRAINT_SCHEMA = rc.CONSTRAINT_SCHEMA
            )
            WHERE kcu.TABLE_SCHEMA = 'okiyoru_db' AND kcu.TABLE_NAME = 'shop_infos' AND rc.TABLE_NAME = 'shop_infos'
2019-12-05 18:01:41 Debug: duration=2 rows=1 SHOW TABLE STATUS WHERE Name = 'shop_infos'
2019-12-05 18:01:41 Debug: duration=38 rows=6 SHOW FULL COLUMNS FROM `shop_info_likes`
2019-12-05 18:01:41 Debug: duration=1 rows=2 SHOW INDEXES FROM `shop_info_likes`
2019-12-05 18:01:41 Debug: duration=1 rows=0 SELECT * FROM information_schema.key_column_usage AS kcu
            INNER JOIN information_schema.referential_constraints AS rc
            ON (
                kcu.CONSTRAINT_NAME = rc.CONSTRAINT_NAME
                AND kcu.CONSTRAINT_SCHEMA = rc.CONSTRAINT_SCHEMA
            )
            WHERE kcu.TABLE_SCHEMA = 'okiyoru_db' AND kcu.TABLE_NAME = 'shop_info_likes' AND rc.TABLE_NAME = 'shop_info_likes'
2019-12-05 18:01:41 Debug: duration=1 rows=1 SHOW TABLE STATUS WHERE Name = 'shop_info_likes'
2019-12-05 18:01:42 Debug: duration=1 rows=1 SELECT shop_infos.id AS `shop_infos__id`, shop_infos.shop_id AS `shop_infos__shop_id`, shop_infos.title AS `shop_infos__title`, shop_infos.content AS `shop_infos__content`, shop_infos.dir AS `shop_infos__dir`, shop_infos.created AS `shop_infos__created`, shop_infos.modified AS `shop_infos__modified`, (date_format(created, '%Y/%c')) AS `ym_created`, (date_format(created, '%c/%e')) AS `md_created` FROM shop_infos shop_infos WHERE shop_id = 3 ORDER BY created DESC
2019-12-05 18:01:42 Debug: duration=1 rows=0 SELECT shop_info_likes.id AS `shop_info_likes__id`, shop_info_likes.shop_info_id AS `shop_info_likes__shop_info_id`, shop_info_likes.shop_id AS `shop_info_likes__shop_id`, shop_info_likes.user_id AS `shop_info_likes__user_id`, shop_info_likes.created AS `shop_info_likes__created`, shop_info_likes.modified AS `shop_info_likes__modified` FROM shop_info_likes shop_info_likes WHERE shop_info_likes.shop_info_id in (1)
2019-12-05 18:01:45 Debug: duration=7 rows=20 SHOW FULL COLUMNS FROM `casts`
2019-12-05 18:01:45 Debug: duration=0 rows=2 SHOW INDEXES FROM `casts`
2019-12-05 18:01:45 Debug: duration=1 rows=0 SELECT * FROM information_schema.key_column_usage AS kcu
            INNER JOIN information_schema.referential_constraints AS rc
            ON (
                kcu.CONSTRAINT_NAME = rc.CONSTRAINT_NAME
                AND kcu.CONSTRAINT_SCHEMA = rc.CONSTRAINT_SCHEMA
            )
            WHERE kcu.TABLE_SCHEMA = 'okiyoru_db' AND kcu.TABLE_NAME = 'casts' AND rc.TABLE_NAME = 'casts'
2019-12-05 18:01:45 Debug: duration=1 rows=1 SHOW TABLE STATUS WHERE Name = 'casts'
2019-12-05 18:01:45 Debug: duration=1 rows=1 SELECT casts.id AS `casts__id`, casts.shop_id AS `casts__shop_id`, casts.role AS `casts__role`, casts.name AS `casts__name`, casts.nickname AS `casts__nickname`, casts.email AS `casts__email`, casts.password AS `casts__password`, casts.birthday AS `casts__birthday`, casts.three_size AS `casts__three_size`, casts.blood_type AS `casts__blood_type`, casts.constellation AS `casts__constellation`, casts.age AS `casts__age`, casts.message AS `casts__message`, casts.holiday AS `casts__holiday`, casts.dir AS `casts__dir`, casts.remember_token AS `casts__remember_token`, casts.status AS `casts__status`, casts.delete_flag AS `casts__delete_flag`, casts.created AS `casts__created`, casts.modified AS `casts__modified` FROM casts casts WHERE casts.id = 21 LIMIT 1
2019-12-05 18:01:46 Debug: duration=1 rows=1 SELECT shops.id AS `shops__id`, shops.owner_id AS `shops__owner_id`, shops.area AS `shops__area`, shops.genre AS `shops__genre`, shops.dir AS `shops__dir`, shops.name AS `shops__name`, shops.catch AS `shops__catch`, shops.tel AS `shops__tel`, shops.staff AS `shops__staff`, shops.bus_from_time AS `shops__bus_from_time`, shops.bus_to_time AS `shops__bus_to_time`, shops.bus_hosoku AS `shops__bus_hosoku`, shops.system AS `shops__system`, shops.credit AS `shops__credit`, shops.pref21 AS `shops__pref21`, shops.addr21 AS `shops__addr21`, shops.strt21 AS `shops__strt21`, shops.created AS `shops__created`, shops.modified AS `shops__modified`, owners.id AS `owners__id`, owners.name AS `owners__name`, owners.role AS `owners__role`, owners.tel AS `owners__tel`, owners.email AS `owners__email`, owners.password AS `owners__password`, owners.gender AS `owners__gender`, owners.age AS `owners__age`, owners.dir AS `owners__dir`, owners.remember_token AS `owners__remember_token`, owners.status AS `owners__status`, owners.created AS `owners__created`, owners.modified AS `owners__modified`, servece_plans.id AS `servece_plans__id`, servece_plans.owner_id AS `servece_plans__owner_id`, servece_plans.current_plan AS `servece_plans__current_plan`, servece_plans.previous_plan AS `servece_plans__previous_plan`, servece_plans.created AS `servece_plans__created`, servece_plans.modified AS `servece_plans__modified` FROM shops shops INNER JOIN owners owners ON owners.id = (shops.owner_id) LEFT JOIN servece_plans servece_plans ON owners.id = (servece_plans.owner_id) WHERE shops.id = 3 LIMIT 1
2019-12-05 18:01:46 Debug: duration=1 rows=7 SHOW FULL COLUMNS FROM `diarys`
2019-12-05 18:01:46 Debug: duration=0 rows=2 SHOW INDEXES FROM `diarys`
2019-12-05 18:01:46 Debug: duration=1 rows=0 SELECT * FROM information_schema.key_column_usage AS kcu
            INNER JOIN information_schema.referential_constraints AS rc
            ON (
                kcu.CONSTRAINT_NAME = rc.CONSTRAINT_NAME
                AND kcu.CONSTRAINT_SCHEMA = rc.CONSTRAINT_SCHEMA
            )
            WHERE kcu.TABLE_SCHEMA = 'okiyoru_db' AND kcu.TABLE_NAME = 'diarys' AND rc.TABLE_NAME = 'diarys'
2019-12-05 18:01:46 Debug: duration=1 rows=1 SHOW TABLE STATUS WHERE Name = 'diarys'
2019-12-05 18:01:46 Debug: duration=1 rows=6 SHOW FULL COLUMNS FROM `diary_likes`
2019-12-05 18:01:46 Debug: duration=0 rows=2 SHOW INDEXES FROM `diary_likes`
2019-12-05 18:01:46 Debug: duration=1 rows=0 SELECT * FROM information_schema.key_column_usage AS kcu
            INNER JOIN information_schema.referential_constraints AS rc
            ON (
                kcu.CONSTRAINT_NAME = rc.CONSTRAINT_NAME
                AND kcu.CONSTRAINT_SCHEMA = rc.CONSTRAINT_SCHEMA
            )
            WHERE kcu.TABLE_SCHEMA = 'okiyoru_db' AND kcu.TABLE_NAME = 'diary_likes' AND rc.TABLE_NAME = 'diary_likes'
2019-12-05 18:01:46 Debug: duration=1 rows=1 SHOW TABLE STATUS WHERE Name = 'diary_likes'
2019-12-05 18:01:46 Debug: duration=1 rows=1 SELECT diarys.id AS `diarys__id`, diarys.cast_id AS `diarys__cast_id`, diarys.title AS `diarys__title`, diarys.content AS `diarys__content`, diarys.dir AS `diarys__dir`, diarys.created AS `diarys__created`, diarys.modified AS `diarys__modified`, (date_format(created, '%Y/%c')) AS `ym_created`, (date_format(created, '%c/%e')) AS `md_created` FROM diarys diarys WHERE cast_id = 21 ORDER BY created DESC
2019-12-05 18:01:47 Debug: duration=2 rows=0 SELECT diary_likes.id AS `diary_likes__id`, diary_likes.diary_id AS `diary_likes__diary_id`, diary_likes.cast_id AS `diary_likes__cast_id`, diary_likes.user_id AS `diary_likes__user_id`, diary_likes.created AS `diary_likes__created`, diary_likes.modified AS `diary_likes__modified` FROM diary_likes diary_likes WHERE diary_likes.diary_id in (1)
2019-12-06 20:46:03 Debug: duration=54 rows=1 SELECT owners.id AS `owners__id`, owners.name AS `owners__name`, owners.role AS `owners__role`, owners.tel AS `owners__tel`, owners.email AS `owners__email`, owners.password AS `owners__password`, owners.gender AS `owners__gender`, owners.age AS `owners__age`, owners.dir AS `owners__dir`, owners.remember_token AS `owners__remember_token`, owners.status AS `owners__status`, owners.created AS `owners__created`, owners.modified AS `owners__modified`, servece_plans.id AS `servece_plans__id`, servece_plans.owner_id AS `servece_plans__owner_id`, servece_plans.current_plan AS `servece_plans__current_plan`, servece_plans.previous_plan AS `servece_plans__previous_plan`, servece_plans.created AS `servece_plans__created`, servece_plans.modified AS `servece_plans__modified` FROM owners owners LEFT JOIN servece_plans servece_plans ON owners.id = (servece_plans.owner_id) WHERE owners.id = 3 LIMIT 1
2019-12-06 20:46:07 Debug: duration=1 rows=1 SELECT shops.id AS `shops__id`, shops.owner_id AS `shops__owner_id`, shops.area AS `shops__area`, shops.genre AS `shops__genre`, shops.dir AS `shops__dir`, shops.name AS `shops__name`, shops.catch AS `shops__catch`, shops.tel AS `shops__tel`, shops.staff AS `shops__staff`, shops.bus_from_time AS `shops__bus_from_time`, shops.bus_to_time AS `shops__bus_to_time`, shops.bus_hosoku AS `shops__bus_hosoku`, shops.system AS `shops__system`, shops.credit AS `shops__credit`, shops.pref21 AS `shops__pref21`, shops.addr21 AS `shops__addr21`, shops.strt21 AS `shops__strt21`, shops.created AS `shops__created`, shops.modified AS `shops__modified` FROM shops shops WHERE (id = 3 AND owner_id = 3) LIMIT 1
2019-12-06 20:46:09 Debug: duration=1 rows=1 SELECT shop_infos.id AS `shop_infos__id`, shop_infos.shop_id AS `shop_infos__shop_id`, shop_infos.title AS `shop_infos__title`, shop_infos.content AS `shop_infos__content`, shop_infos.dir AS `shop_infos__dir`, shop_infos.created AS `shop_infos__created`, shop_infos.modified AS `shop_infos__modified`, (date_format(created, '%Y/%c')) AS `ym_created`, (date_format(created, '%c/%e')) AS `md_created` FROM shop_infos shop_infos WHERE shop_id = 3 ORDER BY created DESC
2019-12-06 20:46:09 Debug: duration=169 rows=0 SELECT shop_info_likes.id AS `shop_info_likes__id`, shop_info_likes.shop_info_id AS `shop_info_likes__shop_info_id`, shop_info_likes.shop_id AS `shop_info_likes__shop_id`, shop_info_likes.user_id AS `shop_info_likes__user_id`, shop_info_likes.created AS `shop_info_likes__created`, shop_info_likes.modified AS `shop_info_likes__modified` FROM shop_info_likes shop_info_likes WHERE shop_info_likes.shop_info_id in (1)
2019-12-06 21:33:20 Debug: duration=10 rows=1 SELECT casts.id AS `casts__id`, casts.shop_id AS `casts__shop_id`, casts.role AS `casts__role`, casts.name AS `casts__name`, casts.nickname AS `casts__nickname`, casts.email AS `casts__email`, casts.password AS `casts__password`, casts.birthday AS `casts__birthday`, casts.three_size AS `casts__three_size`, casts.blood_type AS `casts__blood_type`, casts.constellation AS `casts__constellation`, casts.age AS `casts__age`, casts.message AS `casts__message`, casts.holiday AS `casts__holiday`, casts.dir AS `casts__dir`, casts.remember_token AS `casts__remember_token`, casts.status AS `casts__status`, casts.delete_flag AS `casts__delete_flag`, casts.created AS `casts__created`, casts.modified AS `casts__modified` FROM casts casts WHERE casts.id = 21 LIMIT 1
2019-12-06 21:33:20 Debug: duration=1 rows=1 SELECT shops.id AS `shops__id`, shops.owner_id AS `shops__owner_id`, shops.area AS `shops__area`, shops.genre AS `shops__genre`, shops.dir AS `shops__dir`, shops.name AS `shops__name`, shops.catch AS `shops__catch`, shops.tel AS `shops__tel`, shops.staff AS `shops__staff`, shops.bus_from_time AS `shops__bus_from_time`, shops.bus_to_time AS `shops__bus_to_time`, shops.bus_hosoku AS `shops__bus_hosoku`, shops.system AS `shops__system`, shops.credit AS `shops__credit`, shops.pref21 AS `shops__pref21`, shops.addr21 AS `shops__addr21`, shops.strt21 AS `shops__strt21`, shops.created AS `shops__created`, shops.modified AS `shops__modified`, owners.id AS `owners__id`, owners.name AS `owners__name`, owners.role AS `owners__role`, owners.tel AS `owners__tel`, owners.email AS `owners__email`, owners.password AS `owners__password`, owners.gender AS `owners__gender`, owners.age AS `owners__age`, owners.dir AS `owners__dir`, owners.remember_token AS `owners__remember_token`, owners.status AS `owners__status`, owners.created AS `owners__created`, owners.modified AS `owners__modified`, servece_plans.id AS `servece_plans__id`, servece_plans.owner_id AS `servece_plans__owner_id`, servece_plans.current_plan AS `servece_plans__current_plan`, servece_plans.previous_plan AS `servece_plans__previous_plan`, servece_plans.created AS `servece_plans__created`, servece_plans.modified AS `servece_plans__modified` FROM shops shops INNER JOIN owners owners ON owners.id = (shops.owner_id) LEFT JOIN servece_plans servece_plans ON owners.id = (servece_plans.owner_id) WHERE shops.id = 3 LIMIT 1
2019-12-06 21:33:21 Debug: duration=0 rows=1 SELECT diarys.id AS `diarys__id`, diarys.cast_id AS `diarys__cast_id`, diarys.title AS `diarys__title`, diarys.content AS `diarys__content`, diarys.dir AS `diarys__dir`, diarys.created AS `diarys__created`, diarys.modified AS `diarys__modified`, (date_format(created, '%Y/%c')) AS `ym_created`, (date_format(created, '%c/%e')) AS `md_created` FROM diarys diarys WHERE cast_id = 21 ORDER BY created DESC
2019-12-06 21:33:21 Debug: duration=0 rows=0 SELECT diary_likes.id AS `diary_likes__id`, diary_likes.diary_id AS `diary_likes__diary_id`, diary_likes.cast_id AS `diary_likes__cast_id`, diary_likes.user_id AS `diary_likes__user_id`, diary_likes.created AS `diary_likes__created`, diary_likes.modified AS `diary_likes__modified` FROM diary_likes diary_likes WHERE diary_likes.diary_id in (1)
2019-12-06 21:33:28 Debug: duration=4 rows=1 SELECT casts.id AS `casts__id`, casts.shop_id AS `casts__shop_id`, casts.role AS `casts__role`, casts.name AS `casts__name`, casts.nickname AS `casts__nickname`, casts.email AS `casts__email`, casts.password AS `casts__password`, casts.birthday AS `casts__birthday`, casts.three_size AS `casts__three_size`, casts.blood_type AS `casts__blood_type`, casts.constellation AS `casts__constellation`, casts.age AS `casts__age`, casts.message AS `casts__message`, casts.holiday AS `casts__holiday`, casts.dir AS `casts__dir`, casts.remember_token AS `casts__remember_token`, casts.status AS `casts__status`, casts.delete_flag AS `casts__delete_flag`, casts.created AS `casts__created`, casts.modified AS `casts__modified` FROM casts casts WHERE casts.id = 21 LIMIT 1
2019-12-06 21:33:29 Debug: duration=1 rows=1 SELECT shops.id AS `shops__id`, shops.owner_id AS `shops__owner_id`, shops.area AS `shops__area`, shops.genre AS `shops__genre`, shops.dir AS `shops__dir`, shops.name AS `shops__name`, shops.catch AS `shops__catch`, shops.tel AS `shops__tel`, shops.staff AS `shops__staff`, shops.bus_from_time AS `shops__bus_from_time`, shops.bus_to_time AS `shops__bus_to_time`, shops.bus_hosoku AS `shops__bus_hosoku`, shops.system AS `shops__system`, shops.credit AS `shops__credit`, shops.pref21 AS `shops__pref21`, shops.addr21 AS `shops__addr21`, shops.strt21 AS `shops__strt21`, shops.created AS `shops__created`, shops.modified AS `shops__modified`, owners.id AS `owners__id`, owners.name AS `owners__name`, owners.role AS `owners__role`, owners.tel AS `owners__tel`, owners.email AS `owners__email`, owners.password AS `owners__password`, owners.gender AS `owners__gender`, owners.age AS `owners__age`, owners.dir AS `owners__dir`, owners.remember_token AS `owners__remember_token`, owners.status AS `owners__status`, owners.created AS `owners__created`, owners.modified AS `owners__modified`, servece_plans.id AS `servece_plans__id`, servece_plans.owner_id AS `servece_plans__owner_id`, servece_plans.current_plan AS `servece_plans__current_plan`, servece_plans.previous_plan AS `servece_plans__previous_plan`, servece_plans.created AS `servece_plans__created`, servece_plans.modified AS `servece_plans__modified` FROM shops shops INNER JOIN owners owners ON owners.id = (shops.owner_id) LEFT JOIN servece_plans servece_plans ON owners.id = (servece_plans.owner_id) WHERE shops.id = 3 LIMIT 1
